{"/home/leonardo/Documentos/Projectos/logistica/frontend/src/App.js": {"path":"/home/leonardo/Documentos/Projectos/logistica/frontend/src/App.js","statementMap":{"0":{"start":{"line":29,"column":4},"end":{"line":29,"column":29}},"1":{"start":{"line":30,"column":4},"end":{"line":37,"column":6}},"2":{"start":{"line":38,"column":4},"end":{"line":38,"column":37}},"3":{"start":{"line":39,"column":4},"end":{"line":39,"column":41}},"4":{"start":{"line":40,"column":4},"end":{"line":40,"column":53}},"5":{"start":{"line":44,"column":4},"end":{"line":44,"column":57}},"6":{"start":{"line":44,"column":26},"end":{"line":44,"column":57}},"7":{"start":{"line":45,"column":4},"end":{"line":45,"column":61}},"8":{"start":{"line":45,"column":28},"end":{"line":45,"column":61}},"9":{"start":{"line":49,"column":4},"end":{"line":49,"column":58}},"10":{"start":{"line":50,"column":4},"end":{"line":50,"column":62}},"11":{"start":{"line":54,"column":4},"end":{"line":54,"column":24}},"12":{"start":{"line":55,"column":4},"end":{"line":55,"column":22}},"13":{"start":{"line":59,"column":4},"end":{"line":59,"column":47}},"14":{"start":{"line":63,"column":4},"end":{"line":63,"column":24}},"15":{"start":{"line":64,"column":4},"end":{"line":64,"column":19}},"16":{"start":{"line":68,"column":4},"end":{"line":68,"column":24}},"17":{"start":{"line":69,"column":4},"end":{"line":71,"column":5}},"18":{"start":{"line":70,"column":6},"end":{"line":70,"column":68}},"19":{"start":{"line":75,"column":4},"end":{"line":82,"column":6}},"20":{"start":{"line":76,"column":4},"end":{"line":82,"column":6}},"21":{"start":{"line":83,"column":4},"end":{"line":91,"column":5}},"22":{"start":{"line":84,"column":4},"end":{"line":90,"column":7}},"23":{"start":{"line":92,"column":4},"end":{"line":94,"column":5}},"24":{"start":{"line":93,"column":6},"end":{"line":93,"column":65}},"25":{"start":{"line":95,"column":4},"end":{"line":95,"column":22}},"26":{"start":{"line":96,"column":4},"end":{"line":111,"column":6}},"27":{"start":{"line":115,"column":24},"end":{"line":119,"column":1}},"28":{"start":{"line":116,"column":2},"end":{"line":118,"column":3}}},"fnMap":{"0":{"name":"(anonymous_0)","decl":{"start":{"line":28,"column":2},"end":{"line":28,"column":3}},"loc":{"start":{"line":28,"column":22},"end":{"line":41,"column":3}},"line":28},"1":{"name":"(anonymous_1)","decl":{"start":{"line":43,"column":2},"end":{"line":43,"column":3}},"loc":{"start":{"line":43,"column":17},"end":{"line":46,"column":3}},"line":43},"2":{"name":"(anonymous_2)","decl":{"start":{"line":48,"column":2},"end":{"line":48,"column":3}},"loc":{"start":{"line":48,"column":15},"end":{"line":51,"column":3}},"line":48},"3":{"name":"(anonymous_3)","decl":{"start":{"line":53,"column":2},"end":{"line":53,"column":3}},"loc":{"start":{"line":53,"column":17},"end":{"line":56,"column":3}},"line":53},"4":{"name":"(anonymous_4)","decl":{"start":{"line":58,"column":2},"end":{"line":58,"column":3}},"loc":{"start":{"line":58,"column":9},"end":{"line":60,"column":3}},"line":58},"5":{"name":"(anonymous_5)","decl":{"start":{"line":62,"column":2},"end":{"line":62,"column":3}},"loc":{"start":{"line":62,"column":11},"end":{"line":65,"column":3}},"line":62},"6":{"name":"(anonymous_6)","decl":{"start":{"line":67,"column":2},"end":{"line":67,"column":3}},"loc":{"start":{"line":67,"column":12},"end":{"line":72,"column":3}},"line":67},"7":{"name":"(anonymous_7)","decl":{"start":{"line":74,"column":2},"end":{"line":74,"column":3}},"loc":{"start":{"line":74,"column":11},"end":{"line":112,"column":3}},"line":74},"8":{"name":"(anonymous_8)","decl":{"start":{"line":115,"column":24},"end":{"line":115,"column":25}},"loc":{"start":{"line":115,"column":33},"end":{"line":119,"column":1}},"line":115}},"branchMap":{"0":{"loc":{"start":{"line":44,"column":4},"end":{"line":44,"column":57}},"type":"if","locations":[{"start":{"line":44,"column":4},"end":{"line":44,"column":57}},{"start":{"line":44,"column":4},"end":{"line":44,"column":57}}],"line":44},"1":{"loc":{"start":{"line":45,"column":4},"end":{"line":45,"column":61}},"type":"if","locations":[{"start":{"line":45,"column":4},"end":{"line":45,"column":61}},{"start":{"line":45,"column":4},"end":{"line":45,"column":61}}],"line":45},"2":{"loc":{"start":{"line":75,"column":4},"end":{"line":82,"column":6}},"type":"if","locations":[{"start":{"line":75,"column":4},"end":{"line":82,"column":6}},{"start":{"line":75,"column":4},"end":{"line":82,"column":6}}],"line":75},"3":{"loc":{"start":{"line":83,"column":4},"end":{"line":91,"column":5}},"type":"if","locations":[{"start":{"line":83,"column":4},"end":{"line":91,"column":5}},{"start":{"line":83,"column":4},"end":{"line":91,"column":5}}],"line":83}},"s":{"0":4,"1":4,"2":4,"3":4,"4":4,"5":0,"6":0,"7":0,"8":0,"9":7,"10":7,"11":0,"12":0,"13":0,"14":0,"15":0,"16":0,"17":0,"18":0,"19":8,"20":1,"21":7,"22":0,"23":7,"24":24,"25":7,"26":7,"27":1,"28":12},"f":{"0":4,"1":0,"2":7,"3":0,"4":0,"5":0,"6":0,"7":8,"8":12},"b":{"0":[0,0],"1":[0,0],"2":[1,7],"3":[0,7]},"_coverageSchema":"43e27e138ebf9cfc5966b082cf9a028302ed4184","hash":"5ca5c124fca529fa5189c51d345539bf664e81cf"}
,"/home/leonardo/Documentos/Projectos/logistica/frontend/src/index.js": {"path":"/home/leonardo/Documentos/Projectos/logistica/frontend/src/index.js","statementMap":{"0":{"start":{"line":9,"column":0},"end":{"line":12,"column":37}}},"fnMap":{},"branchMap":{},"s":{"0":0},"f":{},"b":{},"hash":"7ebfa60c12049b9dfd399f6f5025cb071bc6f848"}
,"/home/leonardo/Documentos/Projectos/logistica/frontend/src/root.js": {"path":"/home/leonardo/Documentos/Projectos/logistica/frontend/src/root.js","statementMap":{"0":{"start":{"line":7,"column":25},"end":{"line":7,"column":79}},"1":{"start":{"line":8,"column":14},"end":{"line":8,"column":77}},"2":{"start":{"line":11,"column":4},"end":{"line":14,"column":20}}},"fnMap":{"0":{"name":"(anonymous_0)","decl":{"start":{"line":10,"column":15},"end":{"line":10,"column":16}},"loc":{"start":{"line":10,"column":47},"end":{"line":15,"column":1}},"line":10}},"branchMap":{"0":{"loc":{"start":{"line":7,"column":25},"end":{"line":7,"column":79}},"type":"binary-expr","locations":[{"start":{"line":7,"column":25},"end":{"line":7,"column":68}},{"start":{"line":7,"column":72},"end":{"line":7,"column":79}}],"line":7},"1":{"loc":{"start":{"line":10,"column":27},"end":{"line":10,"column":41}},"type":"default-arg","locations":[{"start":{"line":10,"column":39},"end":{"line":10,"column":41}}],"line":10}},"s":{"0":1,"1":1,"2":4},"f":{"0":4},"b":{"0":[1,1],"1":[4]},"_coverageSchema":"43e27e138ebf9cfc5966b082cf9a028302ed4184","hash":"84e905024d78433455248521c15a6f725a60a600"}
,"/home/leonardo/Documentos/Projectos/logistica/frontend/src/__test__/setupTest.js": {"path":"/home/leonardo/Documentos/Projectos/logistica/frontend/src/__test__/setupTest.js","statementMap":{"0":{"start":{"line":4,"column":0},"end":{"line":4,"column":45}}},"fnMap":{},"branchMap":{},"s":{"0":0},"f":{},"b":{},"hash":"97bd99511ace9e9762f7d34cb31ccf5917e0325f"}
,"/home/leonardo/Documentos/Projectos/logistica/frontend/src/component/Or.js": {"path":"/home/leonardo/Documentos/Projectos/logistica/frontend/src/component/Or.js","statementMap":{"0":{"start":{"line":13,"column":8},"end":{"line":13,"column":21}},"1":{"start":{"line":14,"column":8},"end":{"line":14,"column":49}},"2":{"start":{"line":20,"column":12},"end":{"line":25,"column":9}},"3":{"start":{"line":28,"column":22},"end":{"line":28,"column":55}},"4":{"start":{"line":29,"column":8},"end":{"line":44,"column":10}},"5":{"start":{"line":32,"column":16},"end":{"line":36,"column":17}},"6":{"start":{"line":40,"column":12},"end":{"line":41,"column":75}},"7":{"start":{"line":43,"column":12},"end":{"line":43,"column":61}},"8":{"start":{"line":48,"column":22},"end":{"line":48,"column":55}},"9":{"start":{"line":49,"column":8},"end":{"line":59,"column":10}},"10":{"start":{"line":49,"column":41},"end":{"line":49,"column":56}},"11":{"start":{"line":50,"column":12},"end":{"line":58,"column":14}},"12":{"start":{"line":63,"column":8},"end":{"line":64,"column":55}},"13":{"start":{"line":65,"column":8},"end":{"line":66,"column":82}},"14":{"start":{"line":70,"column":8},"end":{"line":72,"column":9}},"15":{"start":{"line":71,"column":12},"end":{"line":71,"column":24}},"16":{"start":{"line":73,"column":8},"end":{"line":89,"column":9}},"17":{"start":{"line":87,"column":66},"end":{"line":87,"column":85}},"18":{"start":{"line":93,"column":28},"end":{"line":95,"column":9}},"19":{"start":{"line":94,"column":12},"end":{"line":94,"column":60}},"20":{"start":{"line":96,"column":8},"end":{"line":103,"column":10}},"21":{"start":{"line":107,"column":8},"end":{"line":109,"column":11}},"22":{"start":{"line":110,"column":8},"end":{"line":110,"column":26}},"23":{"start":{"line":114,"column":8},"end":{"line":114,"column":89}},"24":{"start":{"line":115,"column":8},"end":{"line":115,"column":25}},"25":{"start":{"line":119,"column":8},"end":{"line":123,"column":9}},"26":{"start":{"line":120,"column":12},"end":{"line":120,"column":71}},"27":{"start":{"line":122,"column":12},"end":{"line":122,"column":48}},"28":{"start":{"line":127,"column":21},"end":{"line":127,"column":35}},"29":{"start":{"line":128,"column":8},"end":{"line":130,"column":9}},"30":{"start":{"line":129,"column":12},"end":{"line":129,"column":102}},"31":{"start":{"line":131,"column":8},"end":{"line":149,"column":10}},"32":{"start":{"line":135,"column":35},"end":{"line":135,"column":59}},"33":{"start":{"line":136,"column":33},"end":{"line":136,"column":55}},"34":{"start":{"line":153,"column":8},"end":{"line":153,"column":27}},"35":{"start":{"line":154,"column":8},"end":{"line":174,"column":9}},"36":{"start":{"line":155,"column":25},"end":{"line":159,"column":54}},"37":{"start":{"line":161,"column":12},"end":{"line":168,"column":13}},"38":{"start":{"line":162,"column":30},"end":{"line":162,"column":64}},"39":{"start":{"line":163,"column":16},"end":{"line":163,"column":91}},"40":{"start":{"line":165,"column":26},"end":{"line":165,"column":83}},"41":{"start":{"line":166,"column":16},"end":{"line":166,"column":66}},"42":{"start":{"line":167,"column":30},"end":{"line":167,"column":64}},"43":{"start":{"line":171,"column":12},"end":{"line":172,"column":73}},"44":{"start":{"line":173,"column":12},"end":{"line":173,"column":57}},"45":{"start":{"line":178,"column":8},"end":{"line":188,"column":9}},"46":{"start":{"line":184,"column":38},"end":{"line":184,"column":60}},"47":{"start":{"line":192,"column":8},"end":{"line":192,"column":72}},"48":{"start":{"line":193,"column":8},"end":{"line":193,"column":40}},"49":{"start":{"line":197,"column":8},"end":{"line":197,"column":96}},"50":{"start":{"line":198,"column":8},"end":{"line":198,"column":40}},"51":{"start":{"line":202,"column":4},"end":{"line":206,"column":5}},"52":{"start":{"line":203,"column":8},"end":{"line":203,"column":73}},"53":{"start":{"line":205,"column":8},"end":{"line":205,"column":50}},"54":{"start":{"line":210,"column":23},"end":{"line":210,"column":37}},"55":{"start":{"line":211,"column":8},"end":{"line":213,"column":9}},"56":{"start":{"line":212,"column":12},"end":{"line":212,"column":101}},"57":{"start":{"line":214,"column":8},"end":{"line":227,"column":9}},"58":{"start":{"line":218,"column":35},"end":{"line":218,"column":65}},"59":{"start":{"line":219,"column":33},"end":{"line":219,"column":61}},"60":{"start":{"line":231,"column":8},"end":{"line":235,"column":9}},"61":{"start":{"line":239,"column":8},"end":{"line":241,"column":9}},"62":{"start":{"line":240,"column":12},"end":{"line":240,"column":24}},"63":{"start":{"line":242,"column":8},"end":{"line":246,"column":9}},"64":{"start":{"line":250,"column":8},"end":{"line":256,"column":10}},"65":{"start":{"line":260,"column":8},"end":{"line":277,"column":10}}},"fnMap":{"0":{"name":"(anonymous_0)","decl":{"start":{"line":12,"column":4},"end":{"line":12,"column":5}},"loc":{"start":{"line":12,"column":23},"end":{"line":15,"column":5}},"line":12},"1":{"name":"(anonymous_1)","decl":{"start":{"line":17,"column":4},"end":{"line":17,"column":5}},"loc":{"start":{"line":17,"column":24},"end":{"line":18,"column":5}},"line":17},"2":{"name":"(anonymous_2)","decl":{"start":{"line":27,"column":4},"end":{"line":27,"column":5}},"loc":{"start":{"line":27,"column":15},"end":{"line":45,"column":5}},"line":27},"3":{"name":"(anonymous_3)","decl":{"start":{"line":31,"column":33},"end":{"line":31,"column":34}},"loc":{"start":{"line":31,"column":38},"end":{"line":37,"column":13}},"line":31},"4":{"name":"(anonymous_4)","decl":{"start":{"line":39,"column":14},"end":{"line":39,"column":15}},"loc":{"start":{"line":39,"column":21},"end":{"line":42,"column":9}},"line":39},"5":{"name":"(anonymous_5)","decl":{"start":{"line":42,"column":17},"end":{"line":42,"column":18}},"loc":{"start":{"line":42,"column":22},"end":{"line":44,"column":9}},"line":42},"6":{"name":"(anonymous_6)","decl":{"start":{"line":47,"column":4},"end":{"line":47,"column":5}},"loc":{"start":{"line":47,"column":21},"end":{"line":60,"column":5}},"line":47},"7":{"name":"(anonymous_7)","decl":{"start":{"line":49,"column":28},"end":{"line":49,"column":29}},"loc":{"start":{"line":49,"column":41},"end":{"line":49,"column":56}},"line":49},"8":{"name":"(anonymous_8)","decl":{"start":{"line":49,"column":62},"end":{"line":49,"column":63}},"loc":{"start":{"line":49,"column":70},"end":{"line":59,"column":9}},"line":49},"9":{"name":"(anonymous_9)","decl":{"start":{"line":62,"column":4},"end":{"line":62,"column":5}},"loc":{"start":{"line":62,"column":20},"end":{"line":67,"column":5}},"line":62},"10":{"name":"(anonymous_10)","decl":{"start":{"line":69,"column":4},"end":{"line":69,"column":5}},"loc":{"start":{"line":69,"column":18},"end":{"line":90,"column":5}},"line":69},"11":{"name":"(anonymous_11)","decl":{"start":{"line":87,"column":61},"end":{"line":87,"column":62}},"loc":{"start":{"line":87,"column":66},"end":{"line":87,"column":85}},"line":87},"12":{"name":"(anonymous_12)","decl":{"start":{"line":92,"column":4},"end":{"line":92,"column":5}},"loc":{"start":{"line":92,"column":21},"end":{"line":104,"column":5}},"line":92},"13":{"name":"(anonymous_13)","decl":{"start":{"line":93,"column":28},"end":{"line":93,"column":29}},"loc":{"start":{"line":93,"column":37},"end":{"line":95,"column":9}},"line":93},"14":{"name":"(anonymous_14)","decl":{"start":{"line":106,"column":4},"end":{"line":106,"column":5}},"loc":{"start":{"line":106,"column":24},"end":{"line":111,"column":5}},"line":106},"15":{"name":"(anonymous_15)","decl":{"start":{"line":113,"column":4},"end":{"line":113,"column":5}},"loc":{"start":{"line":113,"column":22},"end":{"line":116,"column":5}},"line":113},"16":{"name":"(anonymous_16)","decl":{"start":{"line":118,"column":4},"end":{"line":118,"column":5}},"loc":{"start":{"line":118,"column":17},"end":{"line":124,"column":5}},"line":118},"17":{"name":"(anonymous_17)","decl":{"start":{"line":126,"column":4},"end":{"line":126,"column":5}},"loc":{"start":{"line":126,"column":22},"end":{"line":150,"column":5}},"line":126},"18":{"name":"(anonymous_18)","decl":{"start":{"line":135,"column":30},"end":{"line":135,"column":31}},"loc":{"start":{"line":135,"column":35},"end":{"line":135,"column":59}},"line":135},"19":{"name":"(anonymous_19)","decl":{"start":{"line":136,"column":28},"end":{"line":136,"column":29}},"loc":{"start":{"line":136,"column":33},"end":{"line":136,"column":55}},"line":136},"20":{"name":"(anonymous_20)","decl":{"start":{"line":152,"column":4},"end":{"line":152,"column":5}},"loc":{"start":{"line":152,"column":22},"end":{"line":175,"column":5}},"line":152},"21":{"name":"(anonymous_21)","decl":{"start":{"line":177,"column":4},"end":{"line":177,"column":5}},"loc":{"start":{"line":177,"column":20},"end":{"line":189,"column":5}},"line":177},"22":{"name":"(anonymous_22)","decl":{"start":{"line":184,"column":33},"end":{"line":184,"column":34}},"loc":{"start":{"line":184,"column":38},"end":{"line":184,"column":60}},"line":184},"23":{"name":"(anonymous_23)","decl":{"start":{"line":191,"column":4},"end":{"line":191,"column":5}},"loc":{"start":{"line":191,"column":30},"end":{"line":194,"column":5}},"line":191},"24":{"name":"(anonymous_24)","decl":{"start":{"line":196,"column":4},"end":{"line":196,"column":5}},"loc":{"start":{"line":196,"column":28},"end":{"line":199,"column":5}},"line":196},"25":{"name":"(anonymous_25)","decl":{"start":{"line":201,"column":4},"end":{"line":201,"column":5}},"loc":{"start":{"line":201,"column":31},"end":{"line":207,"column":5}},"line":201},"26":{"name":"(anonymous_26)","decl":{"start":{"line":209,"column":4},"end":{"line":209,"column":5}},"loc":{"start":{"line":209,"column":17},"end":{"line":228,"column":5}},"line":209},"27":{"name":"(anonymous_27)","decl":{"start":{"line":218,"column":30},"end":{"line":218,"column":31}},"loc":{"start":{"line":218,"column":35},"end":{"line":218,"column":65}},"line":218},"28":{"name":"(anonymous_28)","decl":{"start":{"line":219,"column":28},"end":{"line":219,"column":29}},"loc":{"start":{"line":219,"column":33},"end":{"line":219,"column":61}},"line":219},"29":{"name":"(anonymous_29)","decl":{"start":{"line":230,"column":4},"end":{"line":230,"column":5}},"loc":{"start":{"line":230,"column":21},"end":{"line":236,"column":5}},"line":230},"30":{"name":"(anonymous_30)","decl":{"start":{"line":238,"column":4},"end":{"line":238,"column":5}},"loc":{"start":{"line":238,"column":18},"end":{"line":247,"column":5}},"line":238},"31":{"name":"(anonymous_31)","decl":{"start":{"line":249,"column":4},"end":{"line":249,"column":5}},"loc":{"start":{"line":249,"column":17},"end":{"line":257,"column":5}},"line":249},"32":{"name":"(anonymous_32)","decl":{"start":{"line":259,"column":4},"end":{"line":259,"column":5}},"loc":{"start":{"line":259,"column":13},"end":{"line":278,"column":5}},"line":259}},"branchMap":{"0":{"loc":{"start":{"line":70,"column":8},"end":{"line":72,"column":9}},"type":"if","locations":[{"start":{"line":70,"column":8},"end":{"line":72,"column":9}},{"start":{"line":70,"column":8},"end":{"line":72,"column":9}}],"line":70},"1":{"loc":{"start":{"line":119,"column":8},"end":{"line":123,"column":9}},"type":"if","locations":[{"start":{"line":119,"column":8},"end":{"line":123,"column":9}},{"start":{"line":119,"column":8},"end":{"line":123,"column":9}}],"line":119},"2":{"loc":{"start":{"line":119,"column":11},"end":{"line":119,"column":53}},"type":"binary-expr","locations":[{"start":{"line":119,"column":11},"end":{"line":119,"column":29}},{"start":{"line":119,"column":33},"end":{"line":119,"column":53}}],"line":119},"3":{"loc":{"start":{"line":128,"column":8},"end":{"line":130,"column":9}},"type":"if","locations":[{"start":{"line":128,"column":8},"end":{"line":130,"column":9}},{"start":{"line":128,"column":8},"end":{"line":130,"column":9}}],"line":128},"4":{"loc":{"start":{"line":129,"column":39},"end":{"line":129,"column":99}},"type":"cond-expr","locations":[{"start":{"line":129,"column":72},"end":{"line":129,"column":85}},{"start":{"line":129,"column":88},"end":{"line":129,"column":99}}],"line":129},"5":{"loc":{"start":{"line":154,"column":8},"end":{"line":174,"column":9}},"type":"if","locations":[{"start":{"line":154,"column":8},"end":{"line":174,"column":9}},{"start":{"line":154,"column":8},"end":{"line":174,"column":9}}],"line":154},"6":{"loc":{"start":{"line":154,"column":11},"end":{"line":154,"column":70}},"type":"binary-expr","locations":[{"start":{"line":154,"column":11},"end":{"line":154,"column":30}},{"start":{"line":154,"column":34},"end":{"line":154,"column":70}}],"line":154},"7":{"loc":{"start":{"line":161,"column":12},"end":{"line":168,"column":13}},"type":"if","locations":[{"start":{"line":161,"column":12},"end":{"line":168,"column":13}},{"start":{"line":161,"column":12},"end":{"line":168,"column":13}}],"line":161},"8":{"loc":{"start":{"line":202,"column":4},"end":{"line":206,"column":5}},"type":"if","locations":[{"start":{"line":202,"column":4},"end":{"line":206,"column":5}},{"start":{"line":202,"column":4},"end":{"line":206,"column":5}}],"line":202},"9":{"loc":{"start":{"line":211,"column":8},"end":{"line":213,"column":9}},"type":"if","locations":[{"start":{"line":211,"column":8},"end":{"line":213,"column":9}},{"start":{"line":211,"column":8},"end":{"line":213,"column":9}}],"line":211},"10":{"loc":{"start":{"line":212,"column":39},"end":{"line":212,"column":98}},"type":"cond-expr","locations":[{"start":{"line":212,"column":74},"end":{"line":212,"column":87}},{"start":{"line":212,"column":88},"end":{"line":212,"column":98}}],"line":212},"11":{"loc":{"start":{"line":239,"column":8},"end":{"line":241,"column":9}},"type":"if","locations":[{"start":{"line":239,"column":8},"end":{"line":241,"column":9}},{"start":{"line":239,"column":8},"end":{"line":241,"column":9}}],"line":239}},"s":{"0":4,"1":4,"2":4,"3":1,"4":1,"5":1,"6":1,"7":0,"8":1,"9":1,"10":0,"11":1,"12":1,"13":1,"14":20,"15":19,"16":1,"17":1,"18":20,"19":3,"20":20,"21":2,"22":2,"23":0,"24":0,"25":2,"26":0,"27":2,"28":20,"29":20,"30":0,"31":20,"32":2,"33":0,"34":1,"35":1,"36":1,"37":1,"38":1,"39":1,"40":0,"41":0,"42":0,"43":1,"44":1,"45":20,"46":1,"47":2,"48":2,"49":0,"50":0,"51":2,"52":0,"53":2,"54":20,"55":20,"56":0,"57":20,"58":2,"59":0,"60":20,"61":0,"62":0,"63":0,"64":20,"65":20},"f":{"0":4,"1":4,"2":1,"3":1,"4":1,"5":0,"6":1,"7":0,"8":1,"9":1,"10":20,"11":1,"12":20,"13":3,"14":2,"15":0,"16":2,"17":20,"18":2,"19":0,"20":1,"21":20,"22":1,"23":2,"24":0,"25":2,"26":20,"27":2,"28":0,"29":20,"30":0,"31":20,"32":20},"b":{"0":[19,1],"1":[0,2],"2":[2,2],"3":[0,20],"4":[0,0],"5":[1,0],"6":[1,1],"7":[1,0],"8":[0,2],"9":[0,20],"10":[0,0],"11":[0,0]},"_coverageSchema":"43e27e138ebf9cfc5966b082cf9a028302ed4184","hash":"844e158b31a4b5f66715930965783ad1a447c05a"}
,"/home/leonardo/Documentos/Projectos/logistica/frontend/src/component/elements/selMaterial.js": {"path":"/home/leonardo/Documentos/Projectos/logistica/frontend/src/component/elements/selMaterial.js","statementMap":{"0":{"start":{"line":9,"column":12},"end":{"line":9,"column":84}},"1":{"start":{"line":12,"column":8},"end":{"line":15,"column":11}},"2":{"start":{"line":14,"column":12},"end":{"line":14,"column":66}},"3":{"start":{"line":16,"column":8},"end":{"line":16,"column":69}},"4":{"start":{"line":20,"column":8},"end":{"line":27,"column":9}},"5":{"start":{"line":21,"column":12},"end":{"line":26,"column":17}},"6":{"start":{"line":22,"column":16},"end":{"line":22,"column":35}},"7":{"start":{"line":23,"column":16},"end":{"line":23,"column":33}},"8":{"start":{"line":24,"column":16},"end":{"line":24,"column":34}},"9":{"start":{"line":25,"column":16},"end":{"line":25,"column":61}},"10":{"start":{"line":25,"column":51},"end":{"line":25,"column":59}},"11":{"start":{"line":31,"column":17},"end":{"line":31,"column":31}},"12":{"start":{"line":32,"column":4},"end":{"line":34,"column":5}},"13":{"start":{"line":33,"column":8},"end":{"line":33,"column":101}},"14":{"start":{"line":35,"column":4},"end":{"line":60,"column":6}},"15":{"start":{"line":47,"column":34},"end":{"line":47,"column":57}},"16":{"start":{"line":48,"column":33},"end":{"line":48,"column":54}},"17":{"start":{"line":49,"column":34},"end":{"line":49,"column":58}},"18":{"start":{"line":50,"column":36},"end":{"line":50,"column":61}},"19":{"start":{"line":64,"column":8},"end":{"line":66,"column":9}},"20":{"start":{"line":65,"column":12},"end":{"line":65,"column":24}},"21":{"start":{"line":67,"column":8},"end":{"line":96,"column":18}},"22":{"start":{"line":69,"column":35},"end":{"line":70,"column":84}},"23":{"start":{"line":70,"column":49},"end":{"line":70,"column":83}},"24":{"start":{"line":71,"column":20},"end":{"line":73,"column":21}},"25":{"start":{"line":72,"column":24},"end":{"line":72,"column":36}},"26":{"start":{"line":74,"column":32},"end":{"line":74,"column":72}},"27":{"start":{"line":75,"column":20},"end":{"line":94,"column":22}},"28":{"start":{"line":77,"column":46},"end":{"line":77,"column":69}},"29":{"start":{"line":100,"column":8},"end":{"line":102,"column":9}},"30":{"start":{"line":101,"column":12},"end":{"line":101,"column":75}},"31":{"start":{"line":106,"column":8},"end":{"line":113,"column":9}},"32":{"start":{"line":107,"column":12},"end":{"line":107,"column":31}},"33":{"start":{"line":108,"column":12},"end":{"line":112,"column":13}},"34":{"start":{"line":109,"column":32},"end":{"line":109,"column":71}},"35":{"start":{"line":110,"column":16},"end":{"line":110,"column":57}},"36":{"start":{"line":111,"column":16},"end":{"line":111,"column":44}},"37":{"start":{"line":114,"column":8},"end":{"line":120,"column":9}},"38":{"start":{"line":115,"column":12},"end":{"line":119,"column":13}},"39":{"start":{"line":116,"column":32},"end":{"line":116,"column":71}},"40":{"start":{"line":117,"column":16},"end":{"line":117,"column":57}},"41":{"start":{"line":118,"column":16},"end":{"line":118,"column":44}},"42":{"start":{"line":121,"column":8},"end":{"line":123,"column":9}},"43":{"start":{"line":122,"column":12},"end":{"line":122,"column":57}},"44":{"start":{"line":124,"column":8},"end":{"line":126,"column":9}},"45":{"start":{"line":125,"column":12},"end":{"line":125,"column":57}},"46":{"start":{"line":127,"column":8},"end":{"line":134,"column":9}},"47":{"start":{"line":129,"column":12},"end":{"line":129,"column":32}},"48":{"start":{"line":130,"column":12},"end":{"line":132,"column":13}},"49":{"start":{"line":131,"column":16},"end":{"line":131,"column":83}},"50":{"start":{"line":133,"column":12},"end":{"line":133,"column":48}},"51":{"start":{"line":138,"column":8},"end":{"line":138,"column":30}},"52":{"start":{"line":142,"column":8},"end":{"line":144,"column":9}},"53":{"start":{"line":143,"column":12},"end":{"line":143,"column":78}},"54":{"start":{"line":145,"column":20},"end":{"line":145,"column":50}},"55":{"start":{"line":146,"column":8},"end":{"line":146,"column":53}},"56":{"start":{"line":147,"column":8},"end":{"line":147,"column":51}},"57":{"start":{"line":148,"column":23},"end":{"line":149,"column":55}},"58":{"start":{"line":149,"column":35},"end":{"line":149,"column":54}},"59":{"start":{"line":150,"column":8},"end":{"line":150,"column":56}},"60":{"start":{"line":151,"column":8},"end":{"line":151,"column":49}},"61":{"start":{"line":152,"column":8},"end":{"line":152,"column":54}},"62":{"start":{"line":153,"column":8},"end":{"line":153,"column":35}},"63":{"start":{"line":157,"column":8},"end":{"line":159,"column":9}},"64":{"start":{"line":158,"column":12},"end":{"line":158,"column":66}},"65":{"start":{"line":160,"column":8},"end":{"line":160,"column":73}},"66":{"start":{"line":161,"column":8},"end":{"line":161,"column":45}},"67":{"start":{"line":165,"column":8},"end":{"line":165,"column":51}},"68":{"start":{"line":166,"column":8},"end":{"line":170,"column":9}},"69":{"start":{"line":167,"column":12},"end":{"line":169,"column":13}},"70":{"start":{"line":168,"column":16},"end":{"line":168,"column":82}},"71":{"start":{"line":174,"column":8},"end":{"line":182,"column":14}},"72":{"start":{"line":185,"column":20},"end":{"line":190,"column":5}},"73":{"start":{"line":186,"column":8},"end":{"line":186,"column":76}},"74":{"start":{"line":187,"column":8},"end":{"line":189,"column":9}},"75":{"start":{"line":188,"column":12},"end":{"line":188,"column":78}}},"fnMap":{"0":{"name":"(anonymous_0)","decl":{"start":{"line":11,"column":4},"end":{"line":11,"column":5}},"loc":{"start":{"line":11,"column":24},"end":{"line":17,"column":9}},"line":11},"1":{"name":"(anonymous_1)","decl":{"start":{"line":13,"column":14},"end":{"line":13,"column":15}},"loc":{"start":{"line":13,"column":21},"end":{"line":15,"column":9}},"line":13},"2":{"name":"(anonymous_2)","decl":{"start":{"line":19,"column":4},"end":{"line":19,"column":5}},"loc":{"start":{"line":19,"column":25},"end":{"line":28,"column":5}},"line":19},"3":{"name":"(anonymous_3)","decl":{"start":{"line":21,"column":28},"end":{"line":21,"column":29}},"loc":{"start":{"line":21,"column":35},"end":{"line":26,"column":15}},"line":21},"4":{"name":"(anonymous_4)","decl":{"start":{"line":25,"column":46},"end":{"line":25,"column":47}},"loc":{"start":{"line":25,"column":51},"end":{"line":25,"column":59}},"line":25},"5":{"name":"(anonymous_5)","decl":{"start":{"line":30,"column":4},"end":{"line":30,"column":5}},"loc":{"start":{"line":30,"column":18},"end":{"line":61,"column":5}},"line":30},"6":{"name":"(anonymous_6)","decl":{"start":{"line":47,"column":29},"end":{"line":47,"column":30}},"loc":{"start":{"line":47,"column":34},"end":{"line":47,"column":57}},"line":47},"7":{"name":"(anonymous_7)","decl":{"start":{"line":48,"column":28},"end":{"line":48,"column":29}},"loc":{"start":{"line":48,"column":33},"end":{"line":48,"column":54}},"line":48},"8":{"name":"(anonymous_8)","decl":{"start":{"line":49,"column":29},"end":{"line":49,"column":30}},"loc":{"start":{"line":49,"column":34},"end":{"line":49,"column":58}},"line":49},"9":{"name":"(anonymous_9)","decl":{"start":{"line":50,"column":31},"end":{"line":50,"column":32}},"loc":{"start":{"line":50,"column":36},"end":{"line":50,"column":61}},"line":50},"10":{"name":"(anonymous_10)","decl":{"start":{"line":63,"column":4},"end":{"line":63,"column":5}},"loc":{"start":{"line":63,"column":17},"end":{"line":97,"column":5}},"line":63},"11":{"name":"(anonymous_11)","decl":{"start":{"line":68,"column":34},"end":{"line":68,"column":35}},"loc":{"start":{"line":68,"column":43},"end":{"line":95,"column":17}},"line":68},"12":{"name":"(anonymous_12)","decl":{"start":{"line":70,"column":42},"end":{"line":70,"column":43}},"loc":{"start":{"line":70,"column":49},"end":{"line":70,"column":83}},"line":70},"13":{"name":"(anonymous_13)","decl":{"start":{"line":77,"column":41},"end":{"line":77,"column":42}},"loc":{"start":{"line":77,"column":46},"end":{"line":77,"column":69}},"line":77},"14":{"name":"(anonymous_14)","decl":{"start":{"line":99,"column":4},"end":{"line":99,"column":5}},"loc":{"start":{"line":99,"column":24},"end":{"line":103,"column":5}},"line":99},"15":{"name":"(anonymous_15)","decl":{"start":{"line":105,"column":4},"end":{"line":105,"column":5}},"loc":{"start":{"line":105,"column":25},"end":{"line":135,"column":5}},"line":105},"16":{"name":"(anonymous_16)","decl":{"start":{"line":137,"column":4},"end":{"line":137,"column":5}},"loc":{"start":{"line":137,"column":21},"end":{"line":139,"column":5}},"line":137},"17":{"name":"(anonymous_17)","decl":{"start":{"line":141,"column":4},"end":{"line":141,"column":5}},"loc":{"start":{"line":141,"column":21},"end":{"line":154,"column":5}},"line":141},"18":{"name":"(anonymous_18)","decl":{"start":{"line":149,"column":30},"end":{"line":149,"column":31}},"loc":{"start":{"line":149,"column":35},"end":{"line":149,"column":54}},"line":149},"19":{"name":"(anonymous_19)","decl":{"start":{"line":156,"column":4},"end":{"line":156,"column":5}},"loc":{"start":{"line":156,"column":23},"end":{"line":162,"column":5}},"line":156},"20":{"name":"(anonymous_20)","decl":{"start":{"line":164,"column":4},"end":{"line":164,"column":5}},"loc":{"start":{"line":164,"column":21},"end":{"line":171,"column":5}},"line":164},"21":{"name":"(anonymous_21)","decl":{"start":{"line":173,"column":4},"end":{"line":173,"column":5}},"loc":{"start":{"line":173,"column":13},"end":{"line":183,"column":5}},"line":173},"22":{"name":"(anonymous_22)","decl":{"start":{"line":185,"column":20},"end":{"line":185,"column":21}},"loc":{"start":{"line":185,"column":26},"end":{"line":190,"column":5}},"line":185}},"branchMap":{"0":{"loc":{"start":{"line":20,"column":8},"end":{"line":27,"column":9}},"type":"if","locations":[{"start":{"line":20,"column":8},"end":{"line":27,"column":9}},{"start":{"line":20,"column":8},"end":{"line":27,"column":9}}],"line":20},"1":{"loc":{"start":{"line":32,"column":4},"end":{"line":34,"column":5}},"type":"if","locations":[{"start":{"line":32,"column":4},"end":{"line":34,"column":5}},{"start":{"line":32,"column":4},"end":{"line":34,"column":5}}],"line":32},"2":{"loc":{"start":{"line":33,"column":35},"end":{"line":33,"column":98}},"type":"cond-expr","locations":[{"start":{"line":33,"column":71},"end":{"line":33,"column":84}},{"start":{"line":33,"column":87},"end":{"line":33,"column":98}}],"line":33},"3":{"loc":{"start":{"line":64,"column":8},"end":{"line":66,"column":9}},"type":"if","locations":[{"start":{"line":64,"column":8},"end":{"line":66,"column":9}},{"start":{"line":64,"column":8},"end":{"line":66,"column":9}}],"line":64},"4":{"loc":{"start":{"line":64,"column":11},"end":{"line":64,"column":60}},"type":"binary-expr","locations":[{"start":{"line":64,"column":11},"end":{"line":64,"column":28}},{"start":{"line":64,"column":32},"end":{"line":64,"column":60}}],"line":64},"5":{"loc":{"start":{"line":71,"column":20},"end":{"line":73,"column":21}},"type":"if","locations":[{"start":{"line":71,"column":20},"end":{"line":73,"column":21}},{"start":{"line":71,"column":20},"end":{"line":73,"column":21}}],"line":71},"6":{"loc":{"start":{"line":80,"column":47},"end":{"line":80,"column":98}},"type":"cond-expr","locations":[{"start":{"line":80,"column":69},"end":{"line":80,"column":92}},{"start":{"line":80,"column":93},"end":{"line":80,"column":98}}],"line":80},"7":{"loc":{"start":{"line":100,"column":8},"end":{"line":102,"column":9}},"type":"if","locations":[{"start":{"line":100,"column":8},"end":{"line":102,"column":9}},{"start":{"line":100,"column":8},"end":{"line":102,"column":9}}],"line":100},"8":{"loc":{"start":{"line":106,"column":8},"end":{"line":113,"column":9}},"type":"if","locations":[{"start":{"line":106,"column":8},"end":{"line":113,"column":9}},{"start":{"line":106,"column":8},"end":{"line":113,"column":9}}],"line":106},"9":{"loc":{"start":{"line":108,"column":12},"end":{"line":112,"column":13}},"type":"if","locations":[{"start":{"line":108,"column":12},"end":{"line":112,"column":13}},{"start":{"line":108,"column":12},"end":{"line":112,"column":13}}],"line":108},"10":{"loc":{"start":{"line":114,"column":8},"end":{"line":120,"column":9}},"type":"if","locations":[{"start":{"line":114,"column":8},"end":{"line":120,"column":9}},{"start":{"line":114,"column":8},"end":{"line":120,"column":9}}],"line":114},"11":{"loc":{"start":{"line":115,"column":12},"end":{"line":119,"column":13}},"type":"if","locations":[{"start":{"line":115,"column":12},"end":{"line":119,"column":13}},{"start":{"line":115,"column":12},"end":{"line":119,"column":13}}],"line":115},"12":{"loc":{"start":{"line":121,"column":8},"end":{"line":123,"column":9}},"type":"if","locations":[{"start":{"line":121,"column":8},"end":{"line":123,"column":9}},{"start":{"line":121,"column":8},"end":{"line":123,"column":9}}],"line":121},"13":{"loc":{"start":{"line":121,"column":11},"end":{"line":121,"column":77}},"type":"binary-expr","locations":[{"start":{"line":121,"column":11},"end":{"line":121,"column":54}},{"start":{"line":121,"column":58},"end":{"line":121,"column":77}}],"line":121},"14":{"loc":{"start":{"line":124,"column":8},"end":{"line":126,"column":9}},"type":"if","locations":[{"start":{"line":124,"column":8},"end":{"line":126,"column":9}},{"start":{"line":124,"column":8},"end":{"line":126,"column":9}}],"line":124},"15":{"loc":{"start":{"line":124,"column":11},"end":{"line":124,"column":51}},"type":"binary-expr","locations":[{"start":{"line":124,"column":11},"end":{"line":124,"column":30}},{"start":{"line":124,"column":34},"end":{"line":124,"column":51}}],"line":124},"16":{"loc":{"start":{"line":127,"column":8},"end":{"line":134,"column":9}},"type":"if","locations":[{"start":{"line":127,"column":8},"end":{"line":134,"column":9}},{"start":{"line":127,"column":8},"end":{"line":134,"column":9}}],"line":127},"17":{"loc":{"start":{"line":127,"column":11},"end":{"line":128,"column":52}},"type":"binary-expr","locations":[{"start":{"line":127,"column":11},"end":{"line":127,"column":34}},{"start":{"line":127,"column":38},"end":{"line":127,"column":53}},{"start":{"line":127,"column":57},"end":{"line":127,"column":70}},{"start":{"line":128,"column":12},"end":{"line":128,"column":29}},{"start":{"line":128,"column":33},"end":{"line":128,"column":52}}],"line":127},"18":{"loc":{"start":{"line":150,"column":26},"end":{"line":150,"column":55}},"type":"cond-expr","locations":[{"start":{"line":150,"column":35},"end":{"line":150,"column":50}},{"start":{"line":150,"column":51},"end":{"line":150,"column":55}}],"line":150},"19":{"loc":{"start":{"line":166,"column":8},"end":{"line":170,"column":9}},"type":"if","locations":[{"start":{"line":166,"column":8},"end":{"line":170,"column":9}},{"start":{"line":166,"column":8},"end":{"line":170,"column":9}}],"line":166}},"s":{"0":4,"1":4,"2":4,"3":4,"4":20,"5":20,"6":20,"7":20,"8":20,"9":20,"10":140,"11":24,"12":24,"13":0,"14":24,"15":2,"16":0,"17":0,"18":0,"19":24,"20":22,"21":2,"22":14,"23":56,"24":14,"25":0,"26":14,"27":14,"28":1,"29":0,"30":0,"31":0,"32":0,"33":0,"34":0,"35":0,"36":0,"37":0,"38":0,"39":0,"40":0,"41":0,"42":0,"43":0,"44":0,"45":0,"46":0,"47":0,"48":0,"49":0,"50":0,"51":1,"52":1,"53":0,"54":1,"55":1,"56":1,"57":1,"58":6,"59":1,"60":1,"61":1,"62":1,"63":2,"64":0,"65":2,"66":2,"67":0,"68":0,"69":0,"70":0,"71":24,"72":4,"73":1,"74":1,"75":1},"f":{"0":4,"1":4,"2":20,"3":20,"4":140,"5":24,"6":2,"7":0,"8":0,"9":0,"10":24,"11":14,"12":56,"13":1,"14":0,"15":0,"16":1,"17":1,"18":6,"19":2,"20":0,"21":24,"22":1},"b":{"0":[20,0],"1":[0,24],"2":[0,0],"3":[22,2],"4":[24,24],"5":[0,14],"6":[2,12],"7":[0,0],"8":[0,0],"9":[0,0],"10":[0,0],"11":[0,0],"12":[0,0],"13":[0,0],"14":[0,0],"15":[0,0],"16":[0,0],"17":[0,0,0,0,0],"18":[1,0],"19":[0,0]},"_coverageSchema":"43e27e138ebf9cfc5966b082cf9a028302ed4184","hash":"473479590c6aba6bf51adb82c31dd358293ae5cc"}
}
