TN:
SF:/home/leonardo/Documentos/Projectos/logistica/frontend/src/App.js
FN:28,(anonymous_0)
FN:43,(anonymous_1)
FN:48,(anonymous_2)
FN:53,(anonymous_3)
FN:58,(anonymous_4)
FN:62,(anonymous_5)
FN:67,(anonymous_6)
FN:74,(anonymous_7)
FN:115,(anonymous_8)
FNF:9
FNH:4
FNDA:4,(anonymous_0)
FNDA:0,(anonymous_1)
FNDA:7,(anonymous_2)
FNDA:0,(anonymous_3)
FNDA:0,(anonymous_4)
FNDA:0,(anonymous_5)
FNDA:0,(anonymous_6)
FNDA:8,(anonymous_7)
FNDA:12,(anonymous_8)
DA:29,4
DA:30,4
DA:38,4
DA:39,4
DA:40,4
DA:44,0
DA:45,0
DA:49,7
DA:50,7
DA:54,0
DA:55,0
DA:59,0
DA:63,0
DA:64,0
DA:68,0
DA:69,0
DA:70,0
DA:75,8
DA:76,1
DA:83,7
DA:84,0
DA:92,7
DA:93,24
DA:95,7
DA:96,7
DA:115,1
DA:116,12
LF:27
LH:16
BRDA:44,0,0,0
BRDA:44,0,1,0
BRDA:45,1,0,0
BRDA:45,1,1,0
BRDA:75,2,0,1
BRDA:75,2,1,7
BRDA:83,3,0,0
BRDA:83,3,1,7
BRF:8
BRH:3
end_of_record
TN:
SF:/home/leonardo/Documentos/Projectos/logistica/frontend/src/index.js
FNF:0
FNH:0
DA:9,0
LF:1
LH:0
BRF:0
BRH:0
end_of_record
TN:
SF:/home/leonardo/Documentos/Projectos/logistica/frontend/src/root.js
FN:10,(anonymous_0)
FNF:1
FNH:1
FNDA:4,(anonymous_0)
DA:7,1
DA:8,1
DA:11,4
LF:3
LH:3
BRDA:7,0,0,1
BRDA:7,0,1,1
BRDA:10,1,0,4
BRF:3
BRH:3
end_of_record
TN:
SF:/home/leonardo/Documentos/Projectos/logistica/frontend/src/__test__/setupTest.js
FNF:0
FNH:0
DA:4,0
LF:1
LH:0
BRF:0
BRH:0
end_of_record
TN:
SF:/home/leonardo/Documentos/Projectos/logistica/frontend/src/component/Or.js
FN:12,(anonymous_0)
FN:17,(anonymous_1)
FN:27,(anonymous_2)
FN:31,(anonymous_3)
FN:39,(anonymous_4)
FN:42,(anonymous_5)
FN:47,(anonymous_6)
FN:49,(anonymous_7)
FN:49,(anonymous_8)
FN:62,(anonymous_9)
FN:69,(anonymous_10)
FN:87,(anonymous_11)
FN:92,(anonymous_12)
FN:93,(anonymous_13)
FN:106,(anonymous_14)
FN:113,(anonymous_15)
FN:118,(anonymous_16)
FN:126,(anonymous_17)
FN:135,(anonymous_18)
FN:136,(anonymous_19)
FN:152,(anonymous_20)
FN:177,(anonymous_21)
FN:184,(anonymous_22)
FN:191,(anonymous_23)
FN:196,(anonymous_24)
FN:201,(anonymous_25)
FN:209,(anonymous_26)
FN:218,(anonymous_27)
FN:219,(anonymous_28)
FN:230,(anonymous_29)
FN:238,(anonymous_30)
FN:249,(anonymous_31)
FN:259,(anonymous_32)
FNF:33
FNH:26
FNDA:4,(anonymous_0)
FNDA:4,(anonymous_1)
FNDA:1,(anonymous_2)
FNDA:1,(anonymous_3)
FNDA:1,(anonymous_4)
FNDA:0,(anonymous_5)
FNDA:1,(anonymous_6)
FNDA:0,(anonymous_7)
FNDA:1,(anonymous_8)
FNDA:1,(anonymous_9)
FNDA:20,(anonymous_10)
FNDA:1,(anonymous_11)
FNDA:20,(anonymous_12)
FNDA:3,(anonymous_13)
FNDA:2,(anonymous_14)
FNDA:0,(anonymous_15)
FNDA:2,(anonymous_16)
FNDA:20,(anonymous_17)
FNDA:2,(anonymous_18)
FNDA:0,(anonymous_19)
FNDA:1,(anonymous_20)
FNDA:20,(anonymous_21)
FNDA:1,(anonymous_22)
FNDA:2,(anonymous_23)
FNDA:0,(anonymous_24)
FNDA:2,(anonymous_25)
FNDA:20,(anonymous_26)
FNDA:2,(anonymous_27)
FNDA:0,(anonymous_28)
FNDA:20,(anonymous_29)
FNDA:0,(anonymous_30)
FNDA:20,(anonymous_31)
FNDA:20,(anonymous_32)
DA:13,4
DA:14,4
DA:20,4
DA:28,1
DA:29,1
DA:32,1
DA:40,1
DA:43,0
DA:48,1
DA:49,1
DA:50,1
DA:63,1
DA:65,1
DA:70,20
DA:71,19
DA:73,1
DA:87,1
DA:93,20
DA:94,3
DA:96,20
DA:107,2
DA:110,2
DA:114,0
DA:115,0
DA:119,2
DA:120,0
DA:122,2
DA:127,20
DA:128,20
DA:129,0
DA:131,20
DA:135,2
DA:136,0
DA:153,1
DA:154,1
DA:155,1
DA:161,1
DA:162,1
DA:163,1
DA:165,0
DA:166,0
DA:167,0
DA:171,1
DA:173,1
DA:178,20
DA:184,1
DA:192,2
DA:193,2
DA:197,0
DA:198,0
DA:202,2
DA:203,0
DA:205,2
DA:210,20
DA:211,20
DA:212,0
DA:214,20
DA:218,2
DA:219,0
DA:231,20
DA:239,0
DA:240,0
DA:242,0
DA:250,20
DA:260,20
LF:65
LH:48
BRDA:70,0,0,19
BRDA:70,0,1,1
BRDA:119,1,0,0
BRDA:119,1,1,2
BRDA:119,2,0,2
BRDA:119,2,1,2
BRDA:128,3,0,0
BRDA:128,3,1,20
BRDA:129,4,0,0
BRDA:129,4,1,0
BRDA:154,5,0,1
BRDA:154,5,1,0
BRDA:154,6,0,1
BRDA:154,6,1,1
BRDA:161,7,0,1
BRDA:161,7,1,0
BRDA:202,8,0,0
BRDA:202,8,1,2
BRDA:211,9,0,0
BRDA:211,9,1,20
BRDA:212,10,0,0
BRDA:212,10,1,0
BRDA:239,11,0,0
BRDA:239,11,1,0
BRF:24
BRH:12
end_of_record
TN:
SF:/home/leonardo/Documentos/Projectos/logistica/frontend/src/component/elements/selMaterial.js
FN:11,(anonymous_0)
FN:13,(anonymous_1)
FN:19,(anonymous_2)
FN:21,(anonymous_3)
FN:25,(anonymous_4)
FN:30,(anonymous_5)
FN:47,(anonymous_6)
FN:48,(anonymous_7)
FN:49,(anonymous_8)
FN:50,(anonymous_9)
FN:63,(anonymous_10)
FN:68,(anonymous_11)
FN:70,(anonymous_12)
FN:77,(anonymous_13)
FN:99,(anonymous_14)
FN:105,(anonymous_15)
FN:137,(anonymous_16)
FN:141,(anonymous_17)
FN:149,(anonymous_18)
FN:156,(anonymous_19)
FN:164,(anonymous_20)
FN:173,(anonymous_21)
FN:185,(anonymous_22)
FNF:23
FNH:17
FNDA:4,(anonymous_0)
FNDA:4,(anonymous_1)
FNDA:20,(anonymous_2)
FNDA:20,(anonymous_3)
FNDA:140,(anonymous_4)
FNDA:24,(anonymous_5)
FNDA:2,(anonymous_6)
FNDA:0,(anonymous_7)
FNDA:0,(anonymous_8)
FNDA:0,(anonymous_9)
FNDA:24,(anonymous_10)
FNDA:14,(anonymous_11)
FNDA:56,(anonymous_12)
FNDA:1,(anonymous_13)
FNDA:0,(anonymous_14)
FNDA:0,(anonymous_15)
FNDA:1,(anonymous_16)
FNDA:1,(anonymous_17)
FNDA:6,(anonymous_18)
FNDA:2,(anonymous_19)
FNDA:0,(anonymous_20)
FNDA:24,(anonymous_21)
FNDA:1,(anonymous_22)
DA:9,4
DA:12,4
DA:14,4
DA:16,4
DA:20,20
DA:21,20
DA:22,20
DA:23,20
DA:24,20
DA:25,140
DA:31,24
DA:32,24
DA:33,0
DA:35,24
DA:47,2
DA:48,0
DA:49,0
DA:50,0
DA:64,24
DA:65,22
DA:67,2
DA:69,14
DA:70,56
DA:71,14
DA:72,0
DA:74,14
DA:75,14
DA:77,1
DA:100,0
DA:101,0
DA:106,0
DA:107,0
DA:108,0
DA:109,0
DA:110,0
DA:111,0
DA:114,0
DA:115,0
DA:116,0
DA:117,0
DA:118,0
DA:121,0
DA:122,0
DA:124,0
DA:125,0
DA:127,0
DA:129,0
DA:130,0
DA:131,0
DA:133,0
DA:138,1
DA:142,1
DA:143,0
DA:145,1
DA:146,1
DA:147,1
DA:148,1
DA:149,6
DA:150,1
DA:151,1
DA:152,1
DA:153,1
DA:157,2
DA:158,0
DA:160,2
DA:161,2
DA:165,0
DA:166,0
DA:167,0
DA:168,0
DA:174,24
DA:185,4
DA:186,1
DA:187,1
DA:188,1
LF:75
LH:42
BRDA:20,0,0,20
BRDA:20,0,1,0
BRDA:32,1,0,0
BRDA:32,1,1,24
BRDA:33,2,0,0
BRDA:33,2,1,0
BRDA:64,3,0,22
BRDA:64,3,1,2
BRDA:64,4,0,24
BRDA:64,4,1,24
BRDA:71,5,0,0
BRDA:71,5,1,14
BRDA:80,6,0,2
BRDA:80,6,1,12
BRDA:100,7,0,0
BRDA:100,7,1,0
BRDA:106,8,0,0
BRDA:106,8,1,0
BRDA:108,9,0,0
BRDA:108,9,1,0
BRDA:114,10,0,0
BRDA:114,10,1,0
BRDA:115,11,0,0
BRDA:115,11,1,0
BRDA:121,12,0,0
BRDA:121,12,1,0
BRDA:121,13,0,0
BRDA:121,13,1,0
BRDA:124,14,0,0
BRDA:124,14,1,0
BRDA:124,15,0,0
BRDA:124,15,1,0
BRDA:127,16,0,0
BRDA:127,16,1,0
BRDA:127,17,0,0
BRDA:127,17,1,0
BRDA:127,17,2,0
BRDA:127,17,3,0
BRDA:127,17,4,0
BRDA:150,18,0,1
BRDA:150,18,1,0
BRDA:166,19,0,0
BRDA:166,19,1,0
BRF:43
BRH:10
end_of_record
