# JRE version: Java(TM) SE Runtime Environment (8.0_211-b12) (build 1.8.0_211-b12)
# Java VM: Java HotSpot(TM) 64-Bit Server VM (25.211-b12 mixed mode linux-amd64 compressed oops)
Heap:
 PSYoungGen      total 171520K, used 41699K [0x00000000d6980000, 0x00000000e4100000, 0x0000000100000000)
  eden space 163328K, 20% used [0x00000000d6980000,0x00000000d8a3b078,0x00000000e0900000)
  from space 8192K, 99% used [0x00000000e1300000,0x00000000e1afde60,0x00000000e1b00000)
  to   space 10240K, 0% used [0x00000000e0900000,0x00000000e0900000,0x00000000e1300000)
 ParOldGen       total 57344K, used 9755K [0x0000000083c00000, 0x0000000087400000, 0x00000000d6980000)
  object space 57344K, 17% used [0x0000000083c00000,0x0000000084586e28,0x0000000087400000)
 Metaspace       used 33715K, capacity 35026K, committed 35200K, reserved 1079296K
  class space    used 4393K, capacity 4649K, committed 4736K, reserved 1048576K
GC Heap History (10 events):
Event: 1,958 GC heap before
{Heap before GC invocations=5 (full 0):
 PSYoungGen      total 70656K, used 62355K [0x00000000d6980000, 0x00000000db380000, 0x0000000100000000)
  eden space 65536K, 87% used [0x00000000d6980000,0x00000000da16c140,0x00000000da980000)
  from space 5120K, 99% used [0x00000000dae80000,0x00000000db378bf0,0x00000000db380000)
  to   space 5120K, 0% used [0x00000000da980000,0x00000000da980000,0x00000000dae80000)
 ParOldGen       total 86016K, used 937K [0x0000000083c00000, 0x0000000089000000, 0x00000000d6980000)
  object space 86016K, 1% used [0x0000000083c00000,0x0000000083cea668,0x0000000089000000)
 Metaspace       used 20583K, capacity 21206K, committed 21248K, reserved 1067008K
  class space    used 2656K, capacity 2815K, committed 2816K, reserved 1048576K
Event: 1,965 GC heap after
Heap after GC invocations=5 (full 0):
 PSYoungGen      total 70656K, used 5112K [0x00000000d6980000, 0x00000000df980000, 0x0000000100000000)
  eden space 65536K, 0% used [0x00000000d6980000,0x00000000d6980000,0x00000000da980000)
  from space 5120K, 99% used [0x00000000da980000,0x00000000dae7e2d0,0x00000000dae80000)
  to   space 8192K, 0% used [0x00000000df180000,0x00000000df180000,0x00000000df980000)
 ParOldGen       total 86016K, used 3319K [0x0000000083c00000, 0x0000000089000000, 0x00000000d6980000)
  object space 86016K, 3% used [0x0000000083c00000,0x0000000083f3deb8,0x0000000089000000)
 Metaspace       used 20583K, capacity 21206K, committed 21248K, reserved 1067008K
  class space    used 2656K, capacity 2815K, committed 2816K, reserved 1048576K
}
Event: 1,965 GC heap before
{Heap before GC invocations=6 (full 1):
 PSYoungGen      total 70656K, used 5112K [0x00000000d6980000, 0x00000000df980000, 0x0000000100000000)
  eden space 65536K, 0% used [0x00000000d6980000,0x00000000d6980000,0x00000000da980000)
  from space 5120K, 99% used [0x00000000da980000,0x00000000dae7e2d0,0x00000000dae80000)
  to   space 8192K, 0% used [0x00000000df180000,0x00000000df180000,0x00000000df980000)
 ParOldGen       total 86016K, used 3319K [0x0000000083c00000, 0x0000000089000000, 0x00000000d6980000)
  object space 86016K, 3% used [0x0000000083c00000,0x0000000083f3deb8,0x0000000089000000)
 Metaspace       used 20583K, capacity 21206K, committed 21248K, reserved 1067008K
  class space    used 2656K, capacity 2815K, committed 2816K, reserved 1048576K
Event: 1,993 GC heap after
Heap after GC invocations=6 (full 1):
 PSYoungGen      total 70656K, used 0K [0x00000000d6980000, 0x00000000df980000, 0x0000000100000000)
  eden space 65536K, 0% used [0x00000000d6980000,0x00000000d6980000,0x00000000da980000)
  from space 5120K, 0% used [0x00000000da980000,0x00000000da980000,0x00000000dae80000)
  to   space 8192K, 0% used [0x00000000df180000,0x00000000df180000,0x00000000df980000)
 ParOldGen       total 57344K, used 7373K [0x0000000083c00000, 0x0000000087400000, 0x00000000d6980000)
  object space 57344K, 12% used [0x0000000083c00000,0x00000000843334d8,0x0000000087400000)
 Metaspace       used 20583K, capacity 21206K, committed 21248K, reserved 1067008K
  class space    used 2656K, capacity 2815K, committed 2816K, reserved 1048576K
}
Event: 2,303 GC heap before
{Heap before GC invocations=7 (full 1):
 PSYoungGen      total 70656K, used 65536K [0x00000000d6980000, 0x00000000df980000, 0x0000000100000000)
  eden space 65536K, 100% used [0x00000000d6980000,0x00000000da980000,0x00000000da980000)
  from space 5120K, 0% used [0x00000000da980000,0x00000000da980000,0x00000000dae80000)
  to   space 8192K, 0% used [0x00000000df180000,0x00000000df180000,0x00000000df980000)
 ParOldGen       total 57344K, used 7373K [0x0000000083c00000, 0x0000000087400000, 0x00000000d6980000)
  object space 57344K, 12% used [0x0000000083c00000,0x00000000843334d8,0x0000000087400000)
 Metaspace       used 26084K, capacity 26902K, committed 27136K, reserved 1073152K
  class space    used 3339K, capacity 3535K, committed 3584K, reserved 1048576K
Event: 2,313 GC heap after
Heap after GC invocations=7 (full 1):
 PSYoungGen      total 111104K, used 6151K [0x00000000d6980000, 0x00000000df800000, 0x0000000100000000)
  eden space 104448K, 0% used [0x00000000d6980000,0x00000000d6980000,0x00000000dcf80000)
  from space 6656K, 92% used [0x00000000df180000,0x00000000df781e80,0x00000000df800000)
  to   space 8704K, 0% used [0x00000000de700000,0x00000000de700000,0x00000000def80000)
 ParOldGen       total 57344K, used 7381K [0x0000000083c00000, 0x0000000087400000, 0x00000000d6980000)
  object space 57344K, 12% used [0x0000000083c00000,0x00000000843354d8,0x0000000087400000)
 Metaspace       used 26084K, capacity 26902K, committed 27136K, reserved 1073152K
  class space    used 3339K, capacity 3535K, committed 3584K, reserved 1048576K
}
Event: 2,568 GC heap before
{Heap before GC invocations=8 (full 1):
 PSYoungGen      total 111104K, used 110592K [0x00000000d6980000, 0x00000000df800000, 0x0000000100000000)
  eden space 104448K, 99% used [0x00000000d6980000,0x00000000dcf7e528,0x00000000dcf80000)
  from space 6656K, 92% used [0x00000000df180000,0x00000000df781e80,0x00000000df800000)
  to   space 8704K, 0% used [0x00000000de700000,0x00000000de700000,0x00000000def80000)
 ParOldGen       total 57344K, used 7512K [0x0000000083c00000, 0x0000000087400000, 0x00000000d6980000)
  object space 57344K, 13% used [0x0000000083c00000,0x00000000843562c0,0x0000000087400000)
 Metaspace       used 27657K, capacity 28590K, committed 28672K, reserved 1075200K
  class space    used 3564K, capacity 3795K, committed 3840K, reserved 1048576K
Event: 2,573 GC heap after
Heap after GC invocations=8 (full 1):
 PSYoungGen      total 137216K, used 4502K [0x00000000d6980000, 0x00000000e1b00000, 0x0000000100000000)
  eden space 128512K, 0% used [0x00000000d6980000,0x00000000d6980000,0x00000000de700000)
  from space 8704K, 51% used [0x00000000de700000,0x00000000deb65998,0x00000000def80000)
  to   space 8192K, 0% used [0x00000000e1300000,0x00000000e1300000,0x00000000e1b00000)
 ParOldGen       total 57344K, used 7520K [0x0000000083c00000, 0x0000000087400000, 0x00000000d6980000)
  object space 57344K, 13% used [0x0000000083c00000,0x00000000843582c0,0x0000000087400000)
 Metaspace       used 27657K, capacity 28590K, committed 28672K, reserved 1075200K
  class space    used 3564K, capacity 3795K, committed 3840K, reserved 1048576K
}
Event: 3,695 GC heap before
{Heap before GC invocations=9 (full 1):
 PSYoungGen      total 137216K, used 133014K [0x00000000d6980000, 0x00000000e1b00000, 0x0000000100000000)
  eden space 128512K, 100% used [0x00000000d6980000,0x00000000de700000,0x00000000de700000)
  from space 8704K, 51% used [0x00000000de700000,0x00000000deb65998,0x00000000def80000)
  to   space 8192K, 0% used [0x00000000e1300000,0x00000000e1300000,0x00000000e1b00000)
 ParOldGen       total 57344K, used 7536K [0x0000000083c00000, 0x0000000087400000, 0x00000000d6980000)
  object space 57344K, 13% used [0x0000000083c00000,0x000000008435c060,0x0000000087400000)
 Metaspace       used 31962K, capacity 33280K, committed 33408K, reserved 1079296K
  class space    used 4158K, capacity 4416K, committed 4480K, reserved 1048576K
Event: 3,709 GC heap after
Heap after GC invocations=9 (full 1):
 PSYoungGen      total 171520K, used 8183K [0x00000000d6980000, 0x00000000e4100000, 0x0000000100000000)
  eden space 163328K, 0% used [0x00000000d6980000,0x00000000d6980000,0x00000000e0900000)
  from space 8192K, 99% used [0x00000000e1300000,0x00000000e1afde60,0x00000000e1b00000)
  to   space 10240K, 0% used [0x00000000e0900000,0x00000000e0900000,0x00000000e1300000)
 ParOldGen       total 57344K, used 9755K [0x0000000083c00000, 0x0000000087400000, 0x00000000d6980000)
  object space 57344K, 17% used [0x0000000083c00000,0x0000000084586e28,0x0000000087400000)
 Metaspace       used 31962K, capacity 33280K, committed 33408K, reserved 1079296K
  class space    used 4158K, capacity 4416K, committed 4480K, reserved 1048576K
}

