# JRE version: OpenJDK Runtime Environment (8.0_242) (build 1.8.0_242-release-1644-b3-6222593)
# Java VM: OpenJDK 64-Bit Server VM (25.242-b3-6222593 mixed mode linux-amd64 compressed oops)
Heap:
 PSYoungGen      total 434688K, used 434680K [0x00000000d5580000, 0x00000000f5b80000, 0x0000000100000000)
  eden space 387584K, 100% used [0x00000000d5580000,0x00000000ed000000,0x00000000ed000000)
  from space 47104K, 99% used [0x00000000f1180000,0x00000000f3f7e218,0x00000000f3f80000)
  to   space 67072K, 46% used [0x00000000ed000000,0x00000000eee7a800,0x00000000f1180000)
 ParOldGen       total 209408K, used 97211K [0x0000000080000000, 0x000000008cc80000, 0x00000000d5580000)
  object space 209408K, 46% used [0x0000000080000000,0x0000000085eeedd0,0x000000008cc80000)
 Metaspace       used 92988K, capacity 97772K, committed 98712K, reserved 1134592K
  class space    used 12382K, capacity 13241K, committed 13472K, reserved 1048576K
GC Heap History (10 events):
Event: 25,301 GC heap after
Heap after GC invocations=16 (full 3):
 PSYoungGen      total 300032K, used 27122K [0x00000000d5580000, 0x00000000f0480000, 0x0000000100000000)
  eden space 272896K, 0% used [0x00000000d5580000,0x00000000d5580000,0x00000000e6000000)
  from space 27136K, 99% used [0x00000000e6000000,0x00000000e7a7c900,0x00000000e7a80000)
  to   space 48640K, 0% used [0x00000000ed500000,0x00000000ed500000,0x00000000f0480000)
 ParOldGen       total 126976K, used 97533K [0x0000000080000000, 0x0000000087c00000, 0x00000000d5580000)
  object space 126976K, 76% used [0x0000000080000000,0x0000000085f3f560,0x0000000087c00000)
 Metaspace       used 84827K, capacity 89792K, committed 90008K, reserved 1126400K
  class space    used 11721K, capacity 12637K, committed 12704K, reserved 1048576K
}
Event: 145,778 GC heap before
{Heap before GC invocations=17 (full 3):
 PSYoungGen      total 300032K, used 300018K [0x00000000d5580000, 0x00000000f0480000, 0x0000000100000000)
  eden space 272896K, 100% used [0x00000000d5580000,0x00000000e6000000,0x00000000e6000000)
  from space 27136K, 99% used [0x00000000e6000000,0x00000000e7a7c900,0x00000000e7a80000)
  to   space 48640K, 0% used [0x00000000ed500000,0x00000000ed500000,0x00000000f0480000)
 ParOldGen       total 126976K, used 97533K [0x0000000080000000, 0x0000000087c00000, 0x00000000d5580000)
  object space 126976K, 76% used [0x0000000080000000,0x0000000085f3f560,0x0000000087c00000)
 Metaspace       used 92133K, capacity 97542K, committed 97688K, reserved 1134592K
  class space    used 12512K, capacity 13470K, committed 13472K, reserved 1048576K
Event: 145,835 GC heap after
Heap after GC invocations=17 (full 3):
 PSYoungGen      total 368128K, used 22672K [0x00000000d5580000, 0x00000000ef700000, 0x0000000100000000)
  eden space 333312K, 0% used [0x00000000d5580000,0x00000000d5580000,0x00000000e9b00000)
  from space 34816K, 65% used [0x00000000ed500000,0x00000000eeb241f0,0x00000000ef700000)
  to   space 47104K, 0% used [0x00000000e9b00000,0x00000000e9b00000,0x00000000ec900000)
 ParOldGen       total 126976K, used 122726K [0x0000000080000000, 0x0000000087c00000, 0x00000000d5580000)
  object space 126976K, 96% used [0x0000000080000000,0x00000000877d9a50,0x0000000087c00000)
 Metaspace       used 92133K, capacity 97542K, committed 97688K, reserved 1134592K
  class space    used 12512K, capacity 13470K, committed 13472K, reserved 1048576K
}
Event: 145,835 GC heap before
{Heap before GC invocations=18 (full 4):
 PSYoungGen      total 368128K, used 22672K [0x00000000d5580000, 0x00000000ef700000, 0x0000000100000000)
  eden space 333312K, 0% used [0x00000000d5580000,0x00000000d5580000,0x00000000e9b00000)
  from space 34816K, 65% used [0x00000000ed500000,0x00000000eeb241f0,0x00000000ef700000)
  to   space 47104K, 0% used [0x00000000e9b00000,0x00000000e9b00000,0x00000000ec900000)
 ParOldGen       total 126976K, used 122726K [0x0000000080000000, 0x0000000087c00000, 0x00000000d5580000)
  object space 126976K, 96% used [0x0000000080000000,0x00000000877d9a50,0x0000000087c00000)
 Metaspace       used 92133K, capacity 97542K, committed 97688K, reserved 1134592K
  class space    used 12512K, capacity 13470K, committed 13472K, reserved 1048576K
Event: 146,003 GC heap after
Heap after GC invocations=18 (full 4):
 PSYoungGen      total 368128K, used 0K [0x00000000d5580000, 0x00000000ef700000, 0x0000000100000000)
  eden space 333312K, 0% used [0x00000000d5580000,0x00000000d5580000,0x00000000e9b00000)
  from space 34816K, 0% used [0x00000000ed500000,0x00000000ed500000,0x00000000ef700000)
  to   space 47104K, 0% used [0x00000000e9b00000,0x00000000e9b00000,0x00000000ec900000)
 ParOldGen       total 209408K, used 64955K [0x0000000080000000, 0x000000008cc80000, 0x00000000d5580000)
  object space 209408K, 31% used [0x0000000080000000,0x0000000083f6ed40,0x000000008cc80000)
 Metaspace       used 91514K, capacity 95794K, committed 97688K, reserved 1134592K
  class space    used 12303K, capacity 13102K, committed 13472K, reserved 1048576K
}
Event: 149,505 GC heap before
{Heap before GC invocations=19 (full 4):
 PSYoungGen      total 368128K, used 327676K [0x00000000d5580000, 0x00000000ef700000, 0x0000000100000000)
  eden space 333312K, 98% used [0x00000000d5580000,0x00000000e957f208,0x00000000e9b00000)
  from space 34816K, 0% used [0x00000000ed500000,0x00000000ed500000,0x00000000ef700000)
  to   space 47104K, 0% used [0x00000000e9b00000,0x00000000e9b00000,0x00000000ec900000)
 ParOldGen       total 209408K, used 64955K [0x0000000080000000, 0x000000008cc80000, 0x00000000d5580000)
  object space 209408K, 31% used [0x0000000080000000,0x0000000083f6ed40,0x000000008cc80000)
 Metaspace       used 91789K, capacity 96050K, committed 97944K, reserved 1134592K
  class space    used 12308K, capacity 13108K, committed 13472K, reserved 1048576K
Event: 149,511 GC heap after
Heap after GC invocations=19 (full 4):
 PSYoungGen      total 380416K, used 2518K [0x00000000d5580000, 0x00000000f3f80000, 0x0000000100000000)
  eden space 333312K, 0% used [0x00000000d5580000,0x00000000d5580000,0x00000000e9b00000)
  from space 47104K, 5% used [0x00000000e9b00000,0x00000000e9d75900,0x00000000ec900000)
  to   space 47104K, 0% used [0x00000000f1180000,0x00000000f1180000,0x00000000f3f80000)
 ParOldGen       total 209408K, used 64963K [0x0000000080000000, 0x000000008cc80000, 0x00000000d5580000)
  object space 209408K, 31% used [0x0000000080000000,0x0000000083f70d40,0x000000008cc80000)
 Metaspace       used 91789K, capacity 96050K, committed 97944K, reserved 1134592K
  class space    used 12308K, capacity 13108K, committed 13472K, reserved 1048576K
}
Event: 189,189 GC heap before
{Heap before GC invocations=20 (full 4):
 PSYoungGen      total 380416K, used 335830K [0x00000000d5580000, 0x00000000f3f80000, 0x0000000100000000)
  eden space 333312K, 100% used [0x00000000d5580000,0x00000000e9b00000,0x00000000e9b00000)
  from space 47104K, 5% used [0x00000000e9b00000,0x00000000e9d75900,0x00000000ec900000)
  to   space 47104K, 0% used [0x00000000f1180000,0x00000000f1180000,0x00000000f3f80000)
 ParOldGen       total 209408K, used 64963K [0x0000000080000000, 0x000000008cc80000, 0x00000000d5580000)
  object space 209408K, 31% used [0x0000000080000000,0x0000000083f70d40,0x000000008cc80000)
 Metaspace       used 92474K, capacity 97016K, committed 98456K, reserved 1134592K
  class space    used 12344K, capacity 13171K, committed 13472K, reserved 1048576K
Event: 189,254 GC heap after
Heap after GC invocations=20 (full 4):
 PSYoungGen      total 434688K, used 47096K [0x00000000d5580000, 0x00000000f5b80000, 0x0000000100000000)
  eden space 387584K, 0% used [0x00000000d5580000,0x00000000d5580000,0x00000000ed000000)
  from space 47104K, 99% used [0x00000000f1180000,0x00000000f3f7e218,0x00000000f3f80000)
  to   space 67072K, 0% used [0x00000000ed000000,0x00000000ed000000,0x00000000f1180000)
 ParOldGen       total 209408K, used 96609K [0x0000000080000000, 0x000000008cc80000, 0x00000000d5580000)
  object space 209408K, 46% used [0x0000000080000000,0x0000000085e585f0,0x000000008cc80000)
 Metaspace       used 92474K, capacity 97016K, committed 98456K, reserved 1134592K
  class space    used 12344K, capacity 13171K, committed 13472K, reserved 1048576K
}
Event: 261,344 GC heap before
{Heap before GC invocations=21 (full 4):
 PSYoungGen      total 434688K, used 434680K [0x00000000d5580000, 0x00000000f5b80000, 0x0000000100000000)
  eden space 387584K, 100% used [0x00000000d5580000,0x00000000ed000000,0x00000000ed000000)
  from space 47104K, 99% used [0x00000000f1180000,0x00000000f3f7e218,0x00000000f3f80000)
  to   space 67072K, 0% used [0x00000000ed000000,0x00000000ed000000,0x00000000f1180000)
 ParOldGen       total 209408K, used 96609K [0x0000000080000000, 0x000000008cc80000, 0x00000000d5580000)
  object space 209408K, 46% used [0x0000000080000000,0x0000000085e585f0,0x000000008cc80000)
 Metaspace       used 92988K, capacity 97772K, committed 98712K, reserved 1134592K
  class space    used 12382K, capacity 13241K, committed 13472K, reserved 1048576K

